<?xml version="1.0" encoding="UTF-8"?>
<!-- Generated by org.testng.reporters.JUnitReportReporter -->
<testsuite hostname="Deva" failures="0" tests="1" name="Luma.shopping.SanityTest" time="192.143" errors="0" timestamp="2022-12-20T10:17:19 IST" skipped="0">
  <testcase classname="Luma.shopping.SanityTest" name="Testcase01" time="192.143"/>
  <system-out/>
</testsuite> <!-- Luma.shopping.SanityTest -->
